{"C:\\Users\\Administrador\\Documents\\projetosPos\\Tech-Challenge-II-POS-TECH\\src\\app.js": {"path":"C:\\Users\\Administrador\\Documents\\projetosPos\\Tech-Challenge-II-POS-TECH\\src\\app.js","statementMap":{"0":{"start":{"line":5,"column":12},"end":{"line":5,"column":21}},"1":{"start":{"line":8,"column":2},"end":{"line":23,"column":3}},"2":{"start":{"line":9,"column":20},"end":{"line":9,"column":40}},"3":{"start":{"line":11,"column":4},"end":{"line":13,"column":7}},"4":{"start":{"line":12,"column":6},"end":{"line":12,"column":55}},"5":{"start":{"line":15,"column":4},"end":{"line":17,"column":7}},"6":{"start":{"line":16,"column":6},"end":{"line":16,"column":58}},"7":{"start":{"line":19,"column":4},"end":{"line":19,"column":16}},"8":{"start":{"line":22,"column":4},"end":{"line":22,"column":64}},"9":{"start":{"line":26,"column":0},"end":{"line":26,"column":14}}},"fnMap":{"0":{"name":"startServer","decl":{"start":{"line":7,"column":15},"end":{"line":7,"column":26}},"loc":{"start":{"line":7,"column":29},"end":{"line":24,"column":1}},"line":7},"1":{"name":"(anonymous_1)","decl":{"start":{"line":11,"column":24},"end":{"line":11,"column":25}},"loc":{"start":{"line":11,"column":43},"end":{"line":13,"column":5}},"line":11},"2":{"name":"(anonymous_2)","decl":{"start":{"line":15,"column":25},"end":{"line":15,"column":26}},"loc":{"start":{"line":15,"column":31},"end":{"line":17,"column":5}},"line":15}},"branchMap":{},"s":{"0":1,"1":1,"2":1,"3":1,"4":0,"5":1,"6":0,"7":1,"8":0,"9":1},"f":{"0":1,"1":0,"2":0},"b":{},"_coverageSchema":"1a1c01bbd47fc00a2c39e90264f33305004495a9","hash":"a4071dd877f123b00bc6ab772766f2f9611c58bf"}
,"C:\\Users\\Administrador\\Documents\\projetosPos\\Tech-Challenge-II-POS-TECH\\src\\controllers\\autorController.js": {"path":"C:\\Users\\Administrador\\Documents\\projetosPos\\Tech-Challenge-II-POS-TECH\\src\\controllers\\autorController.js","statementMap":{"0":{"start":{"line":8,"column":4},"end":{"line":13,"column":5}},"1":{"start":{"line":9,"column":27},"end":{"line":9,"column":49}},"2":{"start":{"line":10,"column":6},"end":{"line":10,"column":41}},"3":{"start":{"line":12,"column":6},"end":{"line":12,"column":81}},"4":{"start":{"line":17,"column":4},"end":{"line":23,"column":5}},"5":{"start":{"line":18,"column":17},"end":{"line":18,"column":30}},"6":{"start":{"line":19,"column":30},"end":{"line":19,"column":56}},"7":{"start":{"line":20,"column":6},"end":{"line":20,"column":44}},"8":{"start":{"line":22,"column":6},"end":{"line":22,"column":90}},"9":{"start":{"line":27,"column":4},"end":{"line":32,"column":5}},"10":{"start":{"line":28,"column":24},"end":{"line":28,"column":54}},"11":{"start":{"line":29,"column":6},"end":{"line":29,"column":85}},"12":{"start":{"line":31,"column":6},"end":{"line":31,"column":86}},"13":{"start":{"line":36,"column":4},"end":{"line":42,"column":5}},"14":{"start":{"line":37,"column":17},"end":{"line":37,"column":30}},"15":{"start":{"line":38,"column":6},"end":{"line":38,"column":52}},"16":{"start":{"line":39,"column":6},"end":{"line":39,"column":60}},"17":{"start":{"line":41,"column":6},"end":{"line":41,"column":82}},"18":{"start":{"line":46,"column":4},"end":{"line":52,"column":5}},"19":{"start":{"line":47,"column":17},"end":{"line":47,"column":30}},"20":{"start":{"line":48,"column":6},"end":{"line":48,"column":42}},"21":{"start":{"line":49,"column":6},"end":{"line":49,"column":70}},"22":{"start":{"line":51,"column":6},"end":{"line":51,"column":79}}},"fnMap":{"0":{"name":"(anonymous_0)","decl":{"start":{"line":7,"column":2},"end":{"line":7,"column":3}},"loc":{"start":{"line":7,"column":40},"end":{"line":14,"column":3}},"line":7},"1":{"name":"(anonymous_1)","decl":{"start":{"line":16,"column":2},"end":{"line":16,"column":3}},"loc":{"start":{"line":16,"column":43},"end":{"line":24,"column":3}},"line":16},"2":{"name":"(anonymous_2)","decl":{"start":{"line":26,"column":2},"end":{"line":26,"column":3}},"loc":{"start":{"line":26,"column":41},"end":{"line":33,"column":3}},"line":26},"3":{"name":"(anonymous_3)","decl":{"start":{"line":35,"column":2},"end":{"line":35,"column":3}},"loc":{"start":{"line":35,"column":41},"end":{"line":43,"column":3}},"line":35},"4":{"name":"(anonymous_4)","decl":{"start":{"line":45,"column":2},"end":{"line":45,"column":3}},"loc":{"start":{"line":45,"column":39},"end":{"line":53,"column":3}},"line":45}},"branchMap":{},"s":{"0":2,"1":2,"2":1,"3":1,"4":2,"5":2,"6":2,"7":1,"8":1,"9":2,"10":2,"11":1,"12":1,"13":2,"14":2,"15":2,"16":1,"17":1,"18":2,"19":2,"20":2,"21":1,"22":1},"f":{"0":2,"1":2,"2":2,"3":2,"4":2},"b":{},"_coverageSchema":"1a1c01bbd47fc00a2c39e90264f33305004495a9","hash":"7deed8c2f0acca2f0bf53904e94d04fa58c0ae6a"}
,"C:\\Users\\Administrador\\Documents\\projetosPos\\Tech-Challenge-II-POS-TECH\\src\\controllers\\postController.js": {"path":"C:\\Users\\Administrador\\Documents\\projetosPos\\Tech-Challenge-II-POS-TECH\\src\\controllers\\postController.js","statementMap":{"0":{"start":{"line":9,"column":8},"end":{"line":18,"column":9}},"1":{"start":{"line":12,"column":30},"end":{"line":12,"column":74}},"2":{"start":{"line":13,"column":12},"end":{"line":13,"column":44}},"3":{"start":{"line":15,"column":12},"end":{"line":17,"column":72}},"4":{"start":{"line":22,"column":23},"end":{"line":22,"column":39}},"5":{"start":{"line":23,"column":8},"end":{"line":30,"column":9}},"6":{"start":{"line":24,"column":38},"end":{"line":24,"column":71}},"7":{"start":{"line":25,"column":12},"end":{"line":25,"column":52}},"8":{"start":{"line":27,"column":12},"end":{"line":29,"column":78}},"9":{"start":{"line":34,"column":8},"end":{"line":44,"column":9}},"10":{"start":{"line":37,"column":23},"end":{"line":37,"column":36}},"11":{"start":{"line":38,"column":35},"end":{"line":38,"column":83}},"12":{"start":{"line":39,"column":12},"end":{"line":39,"column":49}},"13":{"start":{"line":41,"column":12},"end":{"line":43,"column":80}},"14":{"start":{"line":48,"column":25},"end":{"line":48,"column":33}},"15":{"start":{"line":49,"column":26},"end":{"line":49,"column":34}},"16":{"start":{"line":50,"column":24},"end":{"line":50,"column":33}},"17":{"start":{"line":51,"column":8},"end":{"line":58,"column":9}},"18":{"start":{"line":52,"column":34},"end":{"line":52,"column":65}},"19":{"start":{"line":53,"column":31},"end":{"line":53,"column":81}},"20":{"start":{"line":54,"column":29},"end":{"line":54,"column":60}},"21":{"start":{"line":55,"column":10},"end":{"line":55,"column":84}},"22":{"start":{"line":57,"column":10},"end":{"line":57,"column":98}},"23":{"start":{"line":62,"column":8},"end":{"line":72,"column":9}},"24":{"start":{"line":65,"column":23},"end":{"line":65,"column":36}},"25":{"start":{"line":66,"column":12},"end":{"line":66,"column":54}},"26":{"start":{"line":67,"column":12},"end":{"line":67,"column":62}},"27":{"start":{"line":69,"column":12},"end":{"line":71,"column":81}},"28":{"start":{"line":76,"column":8},"end":{"line":86,"column":9}},"29":{"start":{"line":79,"column":23},"end":{"line":79,"column":36}},"30":{"start":{"line":80,"column":12},"end":{"line":80,"column":45}},"31":{"start":{"line":81,"column":12},"end":{"line":81,"column":60}},"32":{"start":{"line":83,"column":12},"end":{"line":85,"column":78}}},"fnMap":{"0":{"name":"(anonymous_0)","decl":{"start":{"line":8,"column":4},"end":{"line":8,"column":5}},"loc":{"start":{"line":8,"column":38},"end":{"line":19,"column":5}},"line":8},"1":{"name":"(anonymous_1)","decl":{"start":{"line":21,"column":4},"end":{"line":21,"column":5}},"loc":{"start":{"line":21,"column":45},"end":{"line":31,"column":5}},"line":21},"2":{"name":"(anonymous_2)","decl":{"start":{"line":33,"column":4},"end":{"line":33,"column":5}},"loc":{"start":{"line":33,"column":43},"end":{"line":45,"column":5}},"line":33},"3":{"name":"(anonymous_3)","decl":{"start":{"line":47,"column":4},"end":{"line":47,"column":5}},"loc":{"start":{"line":47,"column":42},"end":{"line":59,"column":7}},"line":47},"4":{"name":"(anonymous_4)","decl":{"start":{"line":61,"column":6},"end":{"line":61,"column":7}},"loc":{"start":{"line":61,"column":43},"end":{"line":73,"column":5}},"line":61},"5":{"name":"(anonymous_5)","decl":{"start":{"line":75,"column":4},"end":{"line":75,"column":5}},"loc":{"start":{"line":75,"column":39},"end":{"line":87,"column":5}},"line":75}},"branchMap":{},"s":{"0":0,"1":0,"2":0,"3":0,"4":0,"5":0,"6":0,"7":0,"8":0,"9":0,"10":0,"11":0,"12":0,"13":0,"14":0,"15":0,"16":0,"17":0,"18":0,"19":0,"20":0,"21":0,"22":0,"23":0,"24":0,"25":0,"26":0,"27":0,"28":0,"29":0,"30":0,"31":0,"32":0},"f":{"0":0,"1":0,"2":0,"3":0,"4":0,"5":0},"b":{},"_coverageSchema":"1a1c01bbd47fc00a2c39e90264f33305004495a9","hash":"d7fa924a023a1081ee3089ebb484f5e25b300544"}
,"C:\\Users\\Administrador\\Documents\\projetosPos\\Tech-Challenge-II-POS-TECH\\src\\models\\Autor.js": {"path":"C:\\Users\\Administrador\\Documents\\projetosPos\\Tech-Challenge-II-POS-TECH\\src\\models\\Autor.js","statementMap":{"0":{"start":{"line":3,"column":20},"end":{"line":7,"column":25}},"1":{"start":{"line":9,"column":16},"end":{"line":9,"column":54}}},"fnMap":{},"branchMap":{},"s":{"0":4,"1":4},"f":{},"b":{},"_coverageSchema":"1a1c01bbd47fc00a2c39e90264f33305004495a9","hash":"f7518ee4bac16fde57c331c5960d2229b9dd3b73"}
,"C:\\Users\\Administrador\\Documents\\projetosPos\\Tech-Challenge-II-POS-TECH\\src\\models\\Post.js": {"path":"C:\\Users\\Administrador\\Documents\\projetosPos\\Tech-Challenge-II-POS-TECH\\src\\models\\Post.js","statementMap":{"0":{"start":{"line":3,"column":19},"end":{"line":9,"column":25}},"1":{"start":{"line":11,"column":13},"end":{"line":11,"column":48}}},"fnMap":{},"branchMap":{},"s":{"0":3,"1":3},"f":{},"b":{},"_coverageSchema":"1a1c01bbd47fc00a2c39e90264f33305004495a9","hash":"b171a4e2793f3bcb2620f0fab5b8e1114ee8f0bd"}
,"C:\\Users\\Administrador\\Documents\\projetosPos\\Tech-Challenge-II-POS-TECH\\src\\routes\\autoresRoutes.js": {"path":"C:\\Users\\Administrador\\Documents\\projetosPos\\Tech-Challenge-II-POS-TECH\\src\\routes\\autoresRoutes.js","statementMap":{"0":{"start":{"line":4,"column":15},"end":{"line":4,"column":31}},"1":{"start":{"line":29,"column":0},"end":{"line":29,"column":54}},"2":{"start":{"line":59,"column":0},"end":{"line":59,"column":61}},"3":{"start":{"line":81,"column":0},"end":{"line":81,"column":56}},"4":{"start":{"line":110,"column":0},"end":{"line":110,"column":59}},"5":{"start":{"line":129,"column":0},"end":{"line":129,"column":60}}},"fnMap":{},"branchMap":{},"s":{"0":2,"1":2,"2":2,"3":2,"4":2,"5":2},"f":{},"b":{},"_coverageSchema":"1a1c01bbd47fc00a2c39e90264f33305004495a9","hash":"0cd1d7ba795b65d037ac7091e5d256982236b026"}
,"C:\\Users\\Administrador\\Documents\\projetosPos\\Tech-Challenge-II-POS-TECH\\src\\routes\\postsRoutes.js": {"path":"C:\\Users\\Administrador\\Documents\\projetosPos\\Tech-Challenge-II-POS-TECH\\src\\routes\\postsRoutes.js","statementMap":{"0":{"start":{"line":4,"column":15},"end":{"line":4,"column":31}},"1":{"start":{"line":29,"column":0},"end":{"line":29,"column":47}},"2":{"start":{"line":59,"column":0},"end":{"line":59,"column":62}},"3":{"start":{"line":89,"column":0},"end":{"line":89,"column":56}},"4":{"start":{"line":111,"column":0},"end":{"line":111,"column":51}},"5":{"start":{"line":140,"column":0},"end":{"line":140,"column":54}},"6":{"start":{"line":159,"column":0},"end":{"line":159,"column":55}}},"fnMap":{},"branchMap":{},"s":{"0":2,"1":2,"2":2,"3":2,"4":2,"5":2,"6":2},"f":{},"b":{},"_coverageSchema":"1a1c01bbd47fc00a2c39e90264f33305004495a9","hash":"47ce575448c7a0fc36f1bd32e1bd2a9f48b891a5"}
}
