TN:
SF:src\app.js
FN:7,startServer
FN:11,(anonymous_1)
FN:15,(anonymous_2)
FNF:3
FNH:1
FNDA:1,startServer
FNDA:0,(anonymous_1)
FNDA:0,(anonymous_2)
DA:5,1
DA:8,1
DA:9,1
DA:11,1
DA:12,0
DA:15,1
DA:16,0
DA:19,1
DA:22,0
DA:26,1
LF:10
LH:7
BRF:0
BRH:0
end_of_record
TN:
SF:src\controllers\autorController.js
FN:7,(anonymous_0)
FN:16,(anonymous_1)
FN:26,(anonymous_2)
FN:35,(anonymous_3)
FN:45,(anonymous_4)
FNF:5
FNH:5
FNDA:2,(anonymous_0)
FNDA:2,(anonymous_1)
FNDA:2,(anonymous_2)
FNDA:2,(anonymous_3)
FNDA:2,(anonymous_4)
DA:8,2
DA:9,2
DA:10,1
DA:12,1
DA:17,2
DA:18,2
DA:19,2
DA:20,1
DA:22,1
DA:27,2
DA:28,2
DA:29,1
DA:31,1
DA:36,2
DA:37,2
DA:38,2
DA:39,1
DA:41,1
DA:46,2
DA:47,2
DA:48,2
DA:49,1
DA:51,1
LF:23
LH:23
BRF:0
BRH:0
end_of_record
TN:
SF:src\controllers\postController.js
FN:8,(anonymous_0)
FN:21,(anonymous_1)
FN:33,(anonymous_2)
FN:47,(anonymous_3)
FN:61,(anonymous_4)
FN:75,(anonymous_5)
FNF:6
FNH:0
FNDA:0,(anonymous_0)
FNDA:0,(anonymous_1)
FNDA:0,(anonymous_2)
FNDA:0,(anonymous_3)
FNDA:0,(anonymous_4)
FNDA:0,(anonymous_5)
DA:9,0
DA:12,0
DA:13,0
DA:15,0
DA:22,0
DA:23,0
DA:24,0
DA:25,0
DA:27,0
DA:34,0
DA:37,0
DA:38,0
DA:39,0
DA:41,0
DA:48,0
DA:49,0
DA:50,0
DA:51,0
DA:52,0
DA:53,0
DA:54,0
DA:55,0
DA:57,0
DA:62,0
DA:65,0
DA:66,0
DA:67,0
DA:69,0
DA:76,0
DA:79,0
DA:80,0
DA:81,0
DA:83,0
LF:33
LH:0
BRF:0
BRH:0
end_of_record
TN:
SF:src\models\Autor.js
FNF:0
FNH:0
DA:3,4
DA:9,4
LF:2
LH:2
BRF:0
BRH:0
end_of_record
TN:
SF:src\models\Post.js
FNF:0
FNH:0
DA:3,3
DA:11,3
LF:2
LH:2
BRF:0
BRH:0
end_of_record
TN:
SF:src\routes\autoresRoutes.js
FNF:0
FNH:0
DA:4,2
DA:29,2
DA:59,2
DA:81,2
DA:110,2
DA:129,2
LF:6
LH:6
BRF:0
BRH:0
end_of_record
TN:
SF:src\routes\postsRoutes.js
FNF:0
FNH:0
DA:4,2
DA:29,2
DA:59,2
DA:89,2
DA:111,2
DA:140,2
DA:159,2
LF:7
LH:7
BRF:0
BRH:0
end_of_record
